2020-07-10 15:52:50,793 ash4317 INFO Requested to extract data.
2020-07-10 15:52:50,794 ash4317 DEBUG Extracted links and ISINs from JSON object.
2020-07-10 15:53:12,685 ash4317 INFO Made entry for extracted data in datafile successfully.
2020-07-10 15:53:12,693 ash4317 INFO Requested to export extracted data.
2020-07-10 15:53:12,804 ash4317 INFO Exported successfully
2020-07-10 15:53:12,810 ash4317 INFO Requested to pre-process data.
2020-07-10 15:53:26,701 ash4317 DEBUG Pre-processed data
2020-07-10 15:53:26,702 ash4317 DEBUG Made entry of pre-processed data in datafile successfully
2020-07-10 15:53:26,709 ash4317 INFO Requested to export pre-processed data.
2020-07-10 15:53:26,709 ash4317 DEBUG Reading pre-processed datafile.
2020-07-10 15:53:26,710 ash4317 DEBUG Exporting pre-processed data to excel file.
2020-07-10 15:53:26,740 ash4317 INFO Exported pre-processed data successfully.
2020-07-10 15:53:26,747 ash4317 INFO Requested to cluster documents.
2020-07-10 15:53:26,747 ash4317 DEBUG Reading datafile..
2020-07-10 15:53:26,747 ash4317 DEBUG Calculating tf-idf
2020-07-10 15:53:26,776 ash4317 DEBUG Calculating variance threshold
2020-07-10 15:53:26,782 ash4317 DEBUG Applying PCA
2020-07-10 15:53:26,796 ash4317 DEBUG Applying K-Means algorithm
2020-07-10 15:53:26,820 ash4317 DEBUG Sorting clusters
2020-07-10 15:53:26,821 ash4317 DEBUG Converting to JSON format
2020-07-10 15:53:26,822 ash4317 DEBUG Exporting clustering results
2020-07-10 15:53:26,823 ash4317 DEBUG Writting summary
2020-07-10 15:53:26,824 ash4317 DEBUG Writting clustering information to datafile
2020-07-10 15:53:26,825 ash4317 DEBUG Getting scatter plot for clustered data
2020-07-10 15:53:26,965 ash4317 INFO Performed clustering successfully
2020-07-10 15:53:28,966 ash4317 INFO Requested to get clustering details.
2020-07-10 15:53:28,966 ash4317 DEBUG Reading datafile for clustered data
2020-07-10 15:53:28,966 ash4317 INFO Get request for clustered data served successfully
2020-07-10 15:53:28,976 ash4317 INFO Requested to get clustering summary.
2020-07-10 15:53:28,976 ash4317 DEBUG Reading datafile for clustering summary
2020-07-10 15:53:28,977 ash4317 INFO Get request for clustering summary served successfully
2020-07-10 15:53:28,983 ash4317 INFO Requested to cluster documents.
2020-07-10 15:53:28,983 ash4317 DEBUG Reading datafile..
2020-07-10 15:53:28,984 ash4317 DEBUG Calculating tf-idf
2020-07-10 15:53:29,017 ash4317 DEBUG Calculating variance threshold
2020-07-10 15:53:29,022 ash4317 DEBUG Applying PCA
2020-07-10 15:53:29,036 ash4317 DEBUG Applying DBSCAN algorithm
2020-07-10 15:53:29,042 ash4317 DEBUG Sorting clusters
2020-07-10 15:53:29,043 ash4317 DEBUG Converting to JSON format
2020-07-10 15:53:29,044 ash4317 DEBUG Exporting clustering results
2020-07-10 15:53:29,045 ash4317 DEBUG Writting summary
2020-07-10 15:53:29,046 ash4317 DEBUG Writting clustering information to datafile
2020-07-10 15:53:29,047 ash4317 DEBUG Getting scatter plot for clustered data
2020-07-10 15:53:29,107 ash4317 INFO Performed clustering successfully
2020-07-10 15:53:30,396 ash4317 INFO Requested to get clustering details.
2020-07-10 15:53:30,396 ash4317 DEBUG Reading datafile for clustered data
2020-07-10 15:53:30,396 ash4317 INFO Get request for clustered data served successfully
2020-07-10 15:53:30,407 ash4317 INFO Requested to get clustering summary.
2020-07-10 15:53:30,407 ash4317 DEBUG Reading datafile for clustering summary
2020-07-10 15:53:30,407 ash4317 INFO Get request for clustering summary served successfully
2020-07-10 15:53:30,413 ash4317 INFO Requested to cluster documents.
2020-07-10 15:53:30,413 ash4317 DEBUG Reading datafile..
2020-07-10 15:53:30,414 ash4317 DEBUG Calculating tf-idf
2020-07-10 15:53:30,441 ash4317 DEBUG Calculating variance threshold
2020-07-10 15:53:30,446 ash4317 DEBUG Applying PCA
2020-07-10 15:53:30,460 ash4317 DEBUG Applying Agglomerative algorithm
2020-07-10 15:53:30,475 ash4317 DEBUG Sorting clusters
2020-07-10 15:53:30,476 ash4317 DEBUG Converting to JSON format
2020-07-10 15:53:30,477 ash4317 DEBUG Exporting clustering results
2020-07-10 15:53:30,478 ash4317 DEBUG Writting summary
2020-07-10 15:53:30,479 ash4317 DEBUG Writting clustering information to datafile
2020-07-10 15:53:30,480 ash4317 DEBUG Getting scatter plot for clustered data
2020-07-10 15:53:30,543 ash4317 INFO Performed clustering successfully
2020-07-10 15:53:31,879 ash4317 INFO Requested to get clustering details.
2020-07-10 15:53:31,879 ash4317 DEBUG Reading datafile for clustered data
2020-07-10 15:53:31,879 ash4317 INFO Get request for clustered data served successfully
2020-07-10 15:53:31,888 ash4317 INFO Requested to get clustering summary.
2020-07-10 15:53:31,889 ash4317 DEBUG Reading datafile for clustering summary
2020-07-10 15:53:31,889 ash4317 INFO Get request for clustering summary served successfully
2020-07-10 15:53:31,896 ash4317 INFO Requested to cluster documents.
2020-07-10 15:53:31,896 ash4317 DEBUG Reading datafile..
2020-07-10 15:53:31,897 ash4317 DEBUG Calculating tf-idf
2020-07-10 15:53:31,924 ash4317 DEBUG Calculating variance threshold
2020-07-10 15:53:31,929 ash4317 DEBUG Applying PCA
2020-07-10 15:53:31,943 ash4317 DEBUG Applying Birch algorithm
2020-07-10 15:53:31,949 ash4317 DEBUG Sorting clusters
2020-07-10 15:53:31,950 ash4317 DEBUG Converting to JSON format
2020-07-10 15:53:31,951 ash4317 DEBUG Exporting clustering results
2020-07-10 15:53:31,952 ash4317 DEBUG Writting summary
2020-07-10 15:53:31,953 ash4317 DEBUG Writting clustering information to datafile
2020-07-10 15:53:31,954 ash4317 DEBUG Getting scatter plot for clustered data
2020-07-10 15:53:32,016 ash4317 INFO Performed clustering successfully
2020-07-10 15:53:33,324 ash4317 INFO Requested to get clustering details.
2020-07-10 15:53:33,325 ash4317 DEBUG Reading datafile for clustered data
2020-07-10 15:53:33,325 ash4317 INFO Get request for clustered data served successfully
2020-07-10 15:53:33,337 ash4317 INFO Requested to get clustering summary.
2020-07-10 15:53:33,337 ash4317 DEBUG Reading datafile for clustering summary
2020-07-10 15:53:33,337 ash4317 INFO Get request for clustering summary served successfully
2020-07-10 15:55:05,117 ash4317 INFO Requested to get clustering details.
2020-07-10 15:55:05,117 ash4317 DEBUG Reading datafile for clustered data
2020-07-10 15:55:05,117 ash4317 INFO Get request for clustered data served successfully
2020-07-10 15:55:14,733 ash4317 INFO Requested to get clustering summary.
2020-07-10 15:55:14,733 ash4317 DEBUG Reading datafile for clustering summary
2020-07-10 15:55:14,734 ash4317 INFO Get request for clustering summary served successfully
2020-07-10 15:55:23,661 ash4317 INFO Requested to get clustering summary.
2020-07-10 15:55:23,661 ash4317 DEBUG Reading datafile for clustering summary
2020-07-10 15:55:23,661 ash4317 INFO Get request for clustering summary served successfully
2020-07-10 15:58:27,113 ash4317 INFO Requested to extract data.
2020-07-10 15:58:27,113 ash4317 DEBUG Extracted links and ISINs from JSON object.
2020-07-10 15:58:49,998 ash4317 INFO Made entry for extracted data in datafile successfully.
2020-07-10 16:00:21,848 ash4317 INFO Requested to export extracted data.
2020-07-10 16:00:21,985 ash4317 INFO Exported successfully
2020-07-10 16:01:14,268 ash4317 INFO Requested to pre-process data.
2020-07-10 16:01:29,697 ash4317 DEBUG Pre-processed data
2020-07-10 16:01:29,699 ash4317 DEBUG Made entry of pre-processed data in datafile successfully
2020-07-10 16:01:29,707 ash4317 INFO Requested to export pre-processed data.
2020-07-10 16:01:29,707 ash4317 DEBUG Reading pre-processed datafile.
2020-07-10 16:01:29,708 ash4317 DEBUG Exporting pre-processed data to excel file.
2020-07-10 16:01:29,739 ash4317 INFO Exported pre-processed data successfully.
2020-07-10 16:21:02,935 ash4317 INFO Requested to export extracted data.
2020-07-10 16:21:03,007 ash4317 INFO Exported successfully
2020-07-10 16:23:54,006 ash4317 INFO Requested to get extracted data.
2020-07-10 16:23:54,007 ash4317 INFO Get request served successfully
2020-07-10 16:25:52,697 ash4317 INFO Requested to get extracted data.
2020-07-10 16:25:52,698 ash4317 INFO Get request served successfully
2020-07-10 17:26:46,952 ash4317 INFO Requested to extract data.
2020-07-10 17:26:46,953 ash4317 DEBUG Extracted links and ISINs from JSON object.
2020-07-10 17:27:09,923 ash4317 INFO Made entry for extracted data in datafile successfully.
2020-07-10 17:27:09,930 ash4317 INFO Requested to export extracted data.
2020-07-10 17:27:10,039 ash4317 INFO Exported successfully
2020-07-10 17:27:10,046 ash4317 INFO Requested to pre-process data.
2020-07-10 17:27:24,078 ash4317 DEBUG Pre-processed data
2020-07-10 17:27:24,080 ash4317 DEBUG Made entry of pre-processed data in datafile successfully
2020-07-10 17:27:24,087 ash4317 INFO Requested to export pre-processed data.
2020-07-10 17:27:24,087 ash4317 DEBUG Reading pre-processed datafile.
2020-07-10 17:27:24,088 ash4317 DEBUG Exporting pre-processed data to excel file.
2020-07-10 17:27:24,119 ash4317 INFO Exported pre-processed data successfully.
2020-07-10 17:27:24,125 ash4317 INFO Requested to cluster documents.
2020-07-10 17:27:24,125 ash4317 DEBUG Reading datafile..
2020-07-10 17:27:24,126 ash4317 DEBUG Calculating tf-idf
2020-07-10 17:27:24,155 ash4317 DEBUG Calculating variance threshold
2020-07-10 17:27:24,160 ash4317 DEBUG Applying PCA
2020-07-10 17:27:24,174 ash4317 DEBUG Applying K-Means algorithm
2020-07-10 17:27:24,198 ash4317 DEBUG Sorting clusters
2020-07-10 17:27:24,198 ash4317 DEBUG Converting to JSON format
2020-07-10 17:27:24,199 ash4317 DEBUG Exporting clustering results
2020-07-10 17:27:24,201 ash4317 DEBUG Writting summary
2020-07-10 17:27:24,201 ash4317 DEBUG Writting clustering information to datafile
2020-07-10 17:27:24,202 ash4317 DEBUG Getting scatter plot for clustered data
2020-07-10 17:27:24,448 ash4317 INFO Performed clustering successfully
2020-07-10 17:27:26,880 ash4317 INFO Requested to get clustering details.
2020-07-10 17:27:26,880 ash4317 DEBUG Reading datafile for clustered data
2020-07-10 17:27:26,881 ash4317 INFO Get request for clustered data served successfully
2020-07-10 17:27:26,893 ash4317 INFO Requested to get clustering summary.
2020-07-10 17:27:26,893 ash4317 DEBUG Reading datafile for clustering summary
2020-07-10 17:27:26,894 ash4317 INFO Get request for clustering summary served successfully
2020-07-10 17:27:26,901 ash4317 INFO Requested to cluster documents.
2020-07-10 17:27:26,902 ash4317 DEBUG Reading datafile..
2020-07-10 17:27:26,902 ash4317 DEBUG Calculating tf-idf
2020-07-10 17:27:26,929 ash4317 DEBUG Calculating variance threshold
2020-07-10 17:27:26,934 ash4317 DEBUG Applying PCA
2020-07-10 17:27:26,948 ash4317 DEBUG Applying DBSCAN algorithm
2020-07-10 17:27:26,955 ash4317 DEBUG Sorting clusters
2020-07-10 17:27:26,955 ash4317 DEBUG Converting to JSON format
2020-07-10 17:27:26,957 ash4317 DEBUG Exporting clustering results
2020-07-10 17:27:26,958 ash4317 DEBUG Writting summary
2020-07-10 17:27:26,958 ash4317 DEBUG Writting clustering information to datafile
2020-07-10 17:27:26,959 ash4317 DEBUG Getting scatter plot for clustered data
2020-07-10 17:27:27,022 ash4317 INFO Performed clustering successfully
2020-07-10 17:27:28,297 ash4317 INFO Requested to get clustering details.
2020-07-10 17:27:28,297 ash4317 DEBUG Reading datafile for clustered data
2020-07-10 17:27:28,298 ash4317 INFO Get request for clustered data served successfully
2020-07-10 17:27:28,324 ash4317 INFO Requested to get clustering summary.
2020-07-10 17:27:28,324 ash4317 DEBUG Reading datafile for clustering summary
2020-07-10 17:27:28,325 ash4317 INFO Get request for clustering summary served successfully
2020-07-10 17:27:28,341 ash4317 INFO Requested to cluster documents.
2020-07-10 17:27:28,341 ash4317 DEBUG Reading datafile..
2020-07-10 17:27:28,342 ash4317 DEBUG Calculating tf-idf
2020-07-10 17:27:28,403 ash4317 DEBUG Calculating variance threshold
2020-07-10 17:27:28,414 ash4317 DEBUG Applying PCA
2020-07-10 17:27:28,444 ash4317 DEBUG Applying Agglomerative algorithm
2020-07-10 17:27:28,475 ash4317 DEBUG Sorting clusters
2020-07-10 17:27:28,476 ash4317 DEBUG Converting to JSON format
2020-07-10 17:27:28,479 ash4317 DEBUG Exporting clustering results
2020-07-10 17:27:28,481 ash4317 DEBUG Writting summary
2020-07-10 17:27:28,483 ash4317 DEBUG Writting clustering information to datafile
2020-07-10 17:27:28,485 ash4317 DEBUG Getting scatter plot for clustered data
2020-07-10 17:27:28,617 ash4317 INFO Performed clustering successfully
2020-07-10 17:27:30,201 ash4317 INFO Requested to get clustering details.
2020-07-10 17:27:30,202 ash4317 DEBUG Reading datafile for clustered data
2020-07-10 17:27:30,202 ash4317 INFO Get request for clustered data served successfully
2020-07-10 17:27:30,227 ash4317 INFO Requested to get clustering summary.
2020-07-10 17:27:30,227 ash4317 DEBUG Reading datafile for clustering summary
2020-07-10 17:27:30,228 ash4317 INFO Get request for clustering summary served successfully
2020-07-10 17:27:30,245 ash4317 INFO Requested to cluster documents.
2020-07-10 17:27:30,245 ash4317 DEBUG Reading datafile..
2020-07-10 17:27:30,247 ash4317 DEBUG Calculating tf-idf
2020-07-10 17:27:30,309 ash4317 DEBUG Calculating variance threshold
2020-07-10 17:27:30,314 ash4317 DEBUG Applying PCA
2020-07-10 17:27:30,331 ash4317 DEBUG Applying Birch algorithm
2020-07-10 17:27:30,336 ash4317 DEBUG Sorting clusters
2020-07-10 17:27:30,337 ash4317 DEBUG Converting to JSON format
2020-07-10 17:27:30,338 ash4317 DEBUG Exporting clustering results
2020-07-10 17:27:30,339 ash4317 DEBUG Writting summary
2020-07-10 17:27:30,340 ash4317 DEBUG Writting clustering information to datafile
2020-07-10 17:27:30,341 ash4317 DEBUG Getting scatter plot for clustered data
2020-07-10 17:27:30,401 ash4317 INFO Performed clustering successfully
2020-07-10 17:27:31,653 ash4317 INFO Requested to get clustering details.
2020-07-10 17:27:31,653 ash4317 DEBUG Reading datafile for clustered data
2020-07-10 17:27:31,653 ash4317 INFO Get request for clustered data served successfully
2020-07-10 17:27:31,667 ash4317 INFO Requested to get clustering summary.
2020-07-10 17:27:31,667 ash4317 DEBUG Reading datafile for clustering summary
2020-07-10 17:27:31,668 ash4317 INFO Get request for clustering summary served successfully
