2020-07-10 10:23:34,765 vaishnavi INFO Requested to extract data.
2020-07-10 10:23:34,765 vaishnavi DEBUG Extracted links and ISINs from JSON object.
2020-07-10 10:23:56,851 vaishnavi INFO Made entry for extracted data in datafile successfully.
2020-07-10 10:23:57,087 vaishnavi INFO Requested to export extracted data.
2020-07-10 10:23:58,929 vaishnavi INFO Exported successfully
2020-07-10 10:23:58,989 vaishnavi INFO Requested to pre-process data.
2020-07-10 10:24:47,525 vaishnavi ERROR Exception occurred: AttributeError("'WordNetCorpusReader' object has no attribute '_LazyCorpusLoader__args'")
Traceback (most recent call last):
  File "C:\Users\Personnal\Documents\FinIQ\NLP_Project\Another\API\pre-processing-and-API\api.py", line 286, in post
    data = cf.preprocessing(text, args['steps'])
  File "C:\Users\Personnal\Documents\FinIQ\NLP_Project\Another\API\pre-processing-and-API\clean_file.py", line 246, in preprocessing
    text = apply_lemmatization(text)
  File "C:\Users\Personnal\Documents\FinIQ\NLP_Project\Another\API\pre-processing-and-API\clean_file.py", line 113, in apply_lemmatization
    tokens = [lemmatizer.lemmatize(w) for w in tokens]
  File "C:\Users\Personnal\Documents\FinIQ\NLP_Project\Another\API\pre-processing-and-API\clean_file.py", line 113, in <listcomp>
    tokens = [lemmatizer.lemmatize(w) for w in tokens]
  File "C:\Users\Personnal\AppData\Local\Programs\Python\Python38\lib\site-packages\nltk\stem\wordnet.py", line 38, in lemmatize
    lemmas = wordnet._morphy(word, pos)
  File "C:\Users\Personnal\AppData\Local\Programs\Python\Python38\lib\site-packages\nltk\corpus\util.py", line 120, in __getattr__
    self.__load()
  File "C:\Users\Personnal\AppData\Local\Programs\Python\Python38\lib\site-packages\nltk\corpus\util.py", line 94, in __load
    args, kwargs = self.__args, self.__kwargs
AttributeError: 'WordNetCorpusReader' object has no attribute '_LazyCorpusLoader__args'
2020-07-10 10:24:47,981 vaishnavi INFO Requested to export pre-processed data.
2020-07-10 10:24:47,993 vaishnavi DEBUG Reading pre-processed datafile.
2020-07-10 10:24:48,053 vaishnavi ERROR Error while reading pre-processed datafile.
2020-07-10 10:24:48,193 vaishnavi INFO Requested to cluster documents.
2020-07-10 10:24:48,197 vaishnavi DEBUG Reading datafile..
2020-07-10 10:24:48,261 vaishnavi ERROR Failed to read datafile
Traceback (most recent call last):
  File "C:\Users\Personnal\Documents\FinIQ\NLP_Project\Another\API\pre-processing-and-API\api.py", line 486, in post
    jsondata = ex.read_json(ex.get_recent_file(args['uname'] + '_' + fname + '_' + 'preprocess'))
  File "C:\Users\Personnal\Documents\FinIQ\NLP_Project\Another\API\pre-processing-and-API\extract.py", line 290, in get_recent_file
    return names[0]
IndexError: list index out of range
2020-07-10 11:14:28,214 vaishnavi INFO Requested to extract data.
2020-07-10 11:14:28,229 vaishnavi DEBUG Extracted links and ISINs from JSON object.
2020-07-10 11:14:40,086 vaishnavi INFO Made entry for extracted data in datafile successfully.
2020-07-10 11:14:40,228 vaishnavi INFO Requested to export extracted data.
2020-07-10 11:14:42,648 vaishnavi INFO Exported successfully
2020-07-10 11:14:42,778 vaishnavi INFO Requested to pre-process data.
2020-07-10 11:15:20,507 vaishnavi DEBUG Pre-processed data
2020-07-10 11:15:20,510 vaishnavi DEBUG Made entry of pre-processed data in datafile successfully
2020-07-10 11:15:20,653 vaishnavi INFO Requested to export pre-processed data.
2020-07-10 11:15:20,654 vaishnavi DEBUG Reading pre-processed datafile.
2020-07-10 11:15:20,728 vaishnavi DEBUG Exporting pre-processed data to excel file.
2020-07-10 11:15:21,321 vaishnavi INFO Exported pre-processed data successfully.
2020-07-10 11:15:21,369 vaishnavi INFO Requested to cluster documents.
2020-07-10 11:15:21,377 vaishnavi DEBUG Reading datafile..
2020-07-10 11:15:21,389 vaishnavi DEBUG Calculating tf-idf
2020-07-10 11:15:21,543 vaishnavi DEBUG Calculating variance threshold
2020-07-10 11:15:21,571 vaishnavi DEBUG Applying PCA
2020-07-10 11:15:21,667 vaishnavi DEBUG Applying K-Means algorithm
2020-07-10 11:15:21,842 vaishnavi DEBUG Sorting clusters
2020-07-10 11:15:21,845 vaishnavi DEBUG Converting to JSON format
2020-07-10 11:15:21,847 vaishnavi DEBUG Exporting clustering results
2020-07-10 11:15:21,849 vaishnavi DEBUG Writting summary
2020-07-10 11:15:21,863 vaishnavi DEBUG Writting clustering information to datafile
2020-07-10 11:15:21,865 vaishnavi DEBUG Getting scatter plot for clustered data
2020-07-10 11:15:22,249 vaishnavi INFO Performed clustering successfully
2020-07-10 11:15:25,009 vaishnavi INFO Requested to get clustering details.
2020-07-10 11:15:25,010 vaishnavi DEBUG Reading datafile for clustered data
2020-07-10 11:15:25,011 vaishnavi INFO Get request for clustered data served successfully
2020-07-10 11:15:25,210 vaishnavi INFO Requested to get clustering summary.
2020-07-10 11:15:25,213 vaishnavi DEBUG Reading datafile for clustering summary
2020-07-10 11:15:25,219 vaishnavi INFO Get request for clustering summary served successfully
2020-07-10 11:15:25,332 vaishnavi INFO Requested to cluster documents.
2020-07-10 11:15:25,334 vaishnavi DEBUG Reading datafile..
2020-07-10 11:15:25,414 vaishnavi DEBUG Calculating tf-idf
2020-07-10 11:15:25,489 vaishnavi DEBUG Calculating variance threshold
2020-07-10 11:15:25,501 vaishnavi DEBUG Applying PCA
2020-07-10 11:15:25,525 vaishnavi DEBUG Applying DBSCAN algorithm
2020-07-10 11:15:25,544 vaishnavi DEBUG Sorting clusters
2020-07-10 11:15:25,546 vaishnavi DEBUG Converting to JSON format
2020-07-10 11:15:25,549 vaishnavi DEBUG Exporting clustering results
2020-07-10 11:15:25,551 vaishnavi DEBUG Writting summary
2020-07-10 11:15:25,553 vaishnavi DEBUG Writting clustering information to datafile
2020-07-10 11:15:25,555 vaishnavi DEBUG Getting scatter plot for clustered data
2020-07-10 11:15:25,755 vaishnavi INFO Performed clustering successfully
2020-07-10 11:15:29,000 vaishnavi INFO Requested to get clustering details.
2020-07-10 11:15:29,002 vaishnavi DEBUG Reading datafile for clustered data
2020-07-10 11:15:29,003 vaishnavi INFO Get request for clustered data served successfully
2020-07-10 11:15:29,086 vaishnavi INFO Requested to get clustering summary.
2020-07-10 11:15:29,086 vaishnavi DEBUG Reading datafile for clustering summary
2020-07-10 11:15:29,093 vaishnavi INFO Get request for clustering summary served successfully
2020-07-10 11:15:29,181 vaishnavi INFO Requested to cluster documents.
2020-07-10 11:15:29,181 vaishnavi DEBUG Reading datafile..
2020-07-10 11:15:29,183 vaishnavi DEBUG Calculating tf-idf
2020-07-10 11:15:29,335 vaishnavi DEBUG Calculating variance threshold
2020-07-10 11:15:29,357 vaishnavi DEBUG Applying PCA
2020-07-10 11:15:29,439 vaishnavi DEBUG Applying Agglomerative algorithm
2020-07-10 11:15:29,455 vaishnavi DEBUG Sorting clusters
2020-07-10 11:15:29,457 vaishnavi DEBUG Converting to JSON format
2020-07-10 11:15:29,459 vaishnavi DEBUG Exporting clustering results
2020-07-10 11:15:29,461 vaishnavi DEBUG Writting summary
2020-07-10 11:15:29,463 vaishnavi DEBUG Writting clustering information to datafile
2020-07-10 11:15:29,474 vaishnavi DEBUG Getting scatter plot for clustered data
2020-07-10 11:15:29,859 vaishnavi INFO Performed clustering successfully
2020-07-10 11:15:32,900 vaishnavi INFO Requested to get clustering details.
2020-07-10 11:15:32,901 vaishnavi DEBUG Reading datafile for clustered data
2020-07-10 11:15:32,902 vaishnavi INFO Get request for clustered data served successfully
2020-07-10 11:15:33,122 vaishnavi INFO Requested to get clustering summary.
2020-07-10 11:15:33,123 vaishnavi DEBUG Reading datafile for clustering summary
2020-07-10 11:15:33,124 vaishnavi INFO Get request for clustering summary served successfully
2020-07-10 11:15:33,145 vaishnavi INFO Requested to cluster documents.
2020-07-10 11:15:33,145 vaishnavi DEBUG Reading datafile..
2020-07-10 11:15:33,146 vaishnavi DEBUG Calculating tf-idf
2020-07-10 11:15:33,226 vaishnavi DEBUG Calculating variance threshold
2020-07-10 11:15:33,242 vaishnavi DEBUG Applying PCA
2020-07-10 11:15:33,279 vaishnavi DEBUG Applying Birch algorithm
2020-07-10 11:15:33,304 vaishnavi DEBUG Sorting clusters
2020-07-10 11:15:33,309 vaishnavi DEBUG Converting to JSON format
2020-07-10 11:15:33,312 vaishnavi DEBUG Exporting clustering results
2020-07-10 11:15:33,315 vaishnavi DEBUG Writting summary
2020-07-10 11:15:33,318 vaishnavi DEBUG Writting clustering information to datafile
2020-07-10 11:15:33,371 vaishnavi DEBUG Getting scatter plot for clustered data
2020-07-10 11:15:33,852 vaishnavi INFO Performed clustering successfully
2020-07-10 11:15:36,823 vaishnavi INFO Requested to get clustering details.
2020-07-10 11:15:36,823 vaishnavi DEBUG Reading datafile for clustered data
2020-07-10 11:15:36,824 vaishnavi INFO Get request for clustered data served successfully
2020-07-10 11:15:36,963 vaishnavi INFO Requested to get clustering summary.
2020-07-10 11:15:36,964 vaishnavi DEBUG Reading datafile for clustering summary
2020-07-10 11:15:36,965 vaishnavi INFO Get request for clustering summary served successfully
2020-07-10 11:16:49,337 vaishnavi INFO Requested to extract data.
2020-07-10 11:16:49,337 vaishnavi DEBUG Extracted links and ISINs from JSON object.
2020-07-10 11:17:03,727 vaishnavi INFO Made entry for extracted data in datafile successfully.
2020-07-10 11:17:03,863 vaishnavi INFO Requested to export extracted data.
2020-07-10 11:17:09,563 vaishnavi INFO Exported successfully
2020-07-10 11:17:09,755 vaishnavi INFO Requested to pre-process data.
2020-07-10 11:18:04,572 vaishnavi DEBUG Pre-processed data
2020-07-10 11:18:04,593 vaishnavi DEBUG Made entry of pre-processed data in datafile successfully
2020-07-10 11:18:04,713 vaishnavi INFO Requested to export pre-processed data.
2020-07-10 11:18:04,723 vaishnavi DEBUG Reading pre-processed datafile.
2020-07-10 11:18:04,793 vaishnavi DEBUG Exporting pre-processed data to excel file.
2020-07-10 11:18:05,082 vaishnavi INFO Exported pre-processed data successfully.
2020-07-10 11:18:05,172 vaishnavi INFO Requested to cluster documents.
2020-07-10 11:18:05,176 vaishnavi DEBUG Reading datafile..
2020-07-10 11:18:05,201 vaishnavi DEBUG Calculating tf-idf
2020-07-10 11:18:05,561 vaishnavi DEBUG Calculating variance threshold
2020-07-10 11:18:05,648 vaishnavi DEBUG Applying PCA
2020-07-10 11:18:05,683 vaishnavi DEBUG Applying K-Means algorithm
2020-07-10 11:18:05,816 vaishnavi DEBUG Sorting clusters
2020-07-10 11:18:05,819 vaishnavi DEBUG Converting to JSON format
2020-07-10 11:18:05,821 vaishnavi DEBUG Exporting clustering results
2020-07-10 11:18:05,833 vaishnavi DEBUG Writting summary
2020-07-10 11:18:05,835 vaishnavi DEBUG Writting clustering information to datafile
2020-07-10 11:18:05,840 vaishnavi DEBUG Getting scatter plot for clustered data
2020-07-10 11:18:06,181 vaishnavi INFO Performed clustering successfully
2020-07-10 11:18:10,215 vaishnavi INFO Requested to get clustering details.
2020-07-10 11:18:10,215 vaishnavi DEBUG Reading datafile for clustered data
2020-07-10 11:18:10,217 vaishnavi INFO Get request for clustered data served successfully
2020-07-10 11:18:10,534 vaishnavi INFO Requested to get clustering summary.
2020-07-10 11:18:10,534 vaishnavi DEBUG Reading datafile for clustering summary
2020-07-10 11:18:10,537 vaishnavi INFO Get request for clustering summary served successfully
2020-07-10 11:18:10,808 vaishnavi INFO Requested to cluster documents.
2020-07-10 11:18:10,809 vaishnavi DEBUG Reading datafile..
2020-07-10 11:18:10,811 vaishnavi DEBUG Calculating tf-idf
2020-07-10 11:18:10,937 vaishnavi DEBUG Calculating variance threshold
2020-07-10 11:18:10,963 vaishnavi DEBUG Applying PCA
2020-07-10 11:18:10,999 vaishnavi DEBUG Applying DBSCAN algorithm
2020-07-10 11:18:11,022 vaishnavi DEBUG Sorting clusters
2020-07-10 11:18:11,030 vaishnavi DEBUG Converting to JSON format
2020-07-10 11:18:11,033 vaishnavi DEBUG Exporting clustering results
2020-07-10 11:18:11,043 vaishnavi DEBUG Writting summary
2020-07-10 11:18:11,088 vaishnavi DEBUG Writting clustering information to datafile
2020-07-10 11:18:11,146 vaishnavi DEBUG Getting scatter plot for clustered data
2020-07-10 11:18:11,485 vaishnavi INFO Performed clustering successfully
2020-07-10 11:18:15,131 vaishnavi INFO Requested to get clustering details.
2020-07-10 11:18:15,133 vaishnavi DEBUG Reading datafile for clustered data
2020-07-10 11:18:15,174 vaishnavi INFO Get request for clustered data served successfully
2020-07-10 11:18:15,317 vaishnavi INFO Requested to get clustering summary.
2020-07-10 11:18:15,318 vaishnavi DEBUG Reading datafile for clustering summary
2020-07-10 11:18:15,322 vaishnavi INFO Get request for clustering summary served successfully
2020-07-10 11:18:15,394 vaishnavi INFO Requested to cluster documents.
2020-07-10 11:18:15,403 vaishnavi DEBUG Reading datafile..
2020-07-10 11:18:15,438 vaishnavi DEBUG Calculating tf-idf
2020-07-10 11:18:15,714 vaishnavi DEBUG Calculating variance threshold
2020-07-10 11:18:15,777 vaishnavi DEBUG Applying PCA
2020-07-10 11:18:15,914 vaishnavi DEBUG Applying Agglomerative algorithm
2020-07-10 11:18:15,940 vaishnavi DEBUG Sorting clusters
2020-07-10 11:18:15,949 vaishnavi DEBUG Converting to JSON format
2020-07-10 11:18:15,956 vaishnavi DEBUG Exporting clustering results
2020-07-10 11:18:15,959 vaishnavi DEBUG Writting summary
2020-07-10 11:18:15,960 vaishnavi DEBUG Writting clustering information to datafile
2020-07-10 11:18:15,978 vaishnavi DEBUG Getting scatter plot for clustered data
2020-07-10 11:18:16,453 vaishnavi INFO Performed clustering successfully
2020-07-10 11:18:20,518 vaishnavi INFO Requested to get clustering details.
2020-07-10 11:18:20,519 vaishnavi DEBUG Reading datafile for clustered data
2020-07-10 11:18:20,580 vaishnavi INFO Get request for clustered data served successfully
2020-07-10 11:18:20,879 vaishnavi INFO Requested to get clustering summary.
2020-07-10 11:18:20,879 vaishnavi DEBUG Reading datafile for clustering summary
2020-07-10 11:18:20,881 vaishnavi INFO Get request for clustering summary served successfully
2020-07-10 11:18:20,962 vaishnavi INFO Requested to cluster documents.
2020-07-10 11:18:20,963 vaishnavi DEBUG Reading datafile..
2020-07-10 11:18:20,965 vaishnavi DEBUG Calculating tf-idf
2020-07-10 11:18:21,057 vaishnavi DEBUG Calculating variance threshold
2020-07-10 11:18:21,088 vaishnavi DEBUG Applying PCA
2020-07-10 11:18:21,122 vaishnavi DEBUG Applying Birch algorithm
2020-07-10 11:18:21,145 vaishnavi DEBUG Sorting clusters
2020-07-10 11:18:21,146 vaishnavi DEBUG Converting to JSON format
2020-07-10 11:18:21,149 vaishnavi DEBUG Exporting clustering results
2020-07-10 11:18:21,152 vaishnavi DEBUG Writting summary
2020-07-10 11:18:21,154 vaishnavi DEBUG Writting clustering information to datafile
2020-07-10 11:18:21,156 vaishnavi DEBUG Getting scatter plot for clustered data
2020-07-10 11:18:21,368 vaishnavi INFO Performed clustering successfully
2020-07-10 11:18:25,203 vaishnavi INFO Requested to get clustering details.
2020-07-10 11:18:25,204 vaishnavi DEBUG Reading datafile for clustered data
2020-07-10 11:18:25,205 vaishnavi INFO Get request for clustered data served successfully
2020-07-10 11:18:25,228 vaishnavi INFO Requested to get clustering summary.
2020-07-10 11:18:25,229 vaishnavi DEBUG Reading datafile for clustering summary
2020-07-10 11:18:25,231 vaishnavi INFO Get request for clustering summary served successfully
2020-07-10 11:38:22,691 vaishnavi INFO Requested to extract data.
2020-07-10 11:38:22,741 vaishnavi DEBUG Extracted links and ISINs from JSON object.
2020-07-10 11:38:57,750 vaishnavi INFO Made entry for extracted data in datafile successfully.
2020-07-10 11:38:57,812 vaishnavi INFO Requested to export extracted data.
2020-07-10 11:39:01,139 vaishnavi INFO Exported successfully
2020-07-10 11:39:01,239 vaishnavi INFO Requested to pre-process data.
2020-07-10 11:39:43,368 vaishnavi DEBUG Pre-processed data
2020-07-10 11:39:43,426 vaishnavi DEBUG Made entry of pre-processed data in datafile successfully
2020-07-10 11:39:43,602 vaishnavi INFO Requested to export pre-processed data.
2020-07-10 11:39:43,615 vaishnavi DEBUG Reading pre-processed datafile.
2020-07-10 11:39:43,754 vaishnavi DEBUG Exporting pre-processed data to excel file.
2020-07-10 11:39:45,454 vaishnavi INFO Exported pre-processed data successfully.
2020-07-10 11:39:45,560 vaishnavi INFO Requested to cluster documents.
2020-07-10 11:39:45,572 vaishnavi DEBUG Reading datafile..
2020-07-10 11:39:45,754 vaishnavi DEBUG Calculating tf-idf
2020-07-10 11:39:45,918 vaishnavi DEBUG Calculating variance threshold
2020-07-10 11:39:46,046 vaishnavi DEBUG Applying PCA
2020-07-10 11:39:46,202 vaishnavi DEBUG Applying K-Means algorithm
2020-07-10 11:39:46,578 vaishnavi DEBUG Sorting clusters
2020-07-10 11:39:46,602 vaishnavi DEBUG Converting to JSON format
2020-07-10 11:39:46,611 vaishnavi DEBUG Exporting clustering results
2020-07-10 11:39:46,649 vaishnavi DEBUG Writting summary
2020-07-10 11:39:46,682 vaishnavi DEBUG Writting clustering information to datafile
2020-07-10 11:39:46,734 vaishnavi DEBUG Getting scatter plot for clustered data
2020-07-10 11:39:47,140 vaishnavi INFO Performed clustering successfully
2020-07-10 11:40:06,531 vaishnavi INFO Requested to extract data.
2020-07-10 11:40:06,537 vaishnavi DEBUG Extracted links and ISINs from JSON object.
2020-07-10 11:40:22,498 vaishnavi INFO Made entry for extracted data in datafile successfully.
2020-07-10 11:40:22,730 vaishnavi INFO Requested to export extracted data.
2020-07-10 11:40:30,292 vaishnavi INFO Exported successfully
2020-07-10 11:40:30,513 vaishnavi INFO Requested to pre-process data.
2020-07-10 11:41:12,235 vaishnavi DEBUG Pre-processed data
2020-07-10 11:41:12,259 vaishnavi DEBUG Made entry of pre-processed data in datafile successfully
2020-07-10 11:41:12,326 vaishnavi INFO Requested to export pre-processed data.
2020-07-10 11:41:12,332 vaishnavi DEBUG Reading pre-processed datafile.
2020-07-10 11:41:12,435 vaishnavi DEBUG Exporting pre-processed data to excel file.
2020-07-10 11:41:13,126 vaishnavi INFO Exported pre-processed data successfully.
2020-07-10 11:41:13,206 vaishnavi INFO Requested to cluster documents.
2020-07-10 11:41:13,207 vaishnavi DEBUG Reading datafile..
2020-07-10 11:41:13,312 vaishnavi DEBUG Calculating tf-idf
2020-07-10 11:41:13,461 vaishnavi DEBUG Calculating variance threshold
2020-07-10 11:41:13,500 vaishnavi DEBUG Applying PCA
2020-07-10 11:41:13,560 vaishnavi DEBUG Applying K-Means algorithm
2020-07-10 11:41:13,688 vaishnavi DEBUG Sorting clusters
2020-07-10 11:41:13,701 vaishnavi DEBUG Converting to JSON format
2020-07-10 11:41:13,706 vaishnavi DEBUG Exporting clustering results
2020-07-10 11:41:13,709 vaishnavi DEBUG Writting summary
2020-07-10 11:41:13,722 vaishnavi DEBUG Writting clustering information to datafile
2020-07-10 11:41:13,728 vaishnavi DEBUG Getting scatter plot for clustered data
2020-07-10 11:41:14,898 vaishnavi INFO Performed clustering successfully
2020-07-10 11:41:15,060 vaishnavi INFO Requested to get clustering details.
2020-07-10 11:41:15,064 vaishnavi DEBUG Reading datafile for clustered data
2020-07-10 11:41:15,153 vaishnavi INFO Get request for clustered data served successfully
2020-07-10 11:41:15,333 vaishnavi INFO Requested to get clustering summary.
2020-07-10 11:41:15,340 vaishnavi DEBUG Reading datafile for clustering summary
2020-07-10 11:41:15,393 vaishnavi INFO Get request for clustering summary served successfully
2020-07-10 11:41:15,459 vaishnavi INFO Requested to cluster documents.
2020-07-10 11:41:15,520 vaishnavi DEBUG Reading datafile..
2020-07-10 11:41:15,523 vaishnavi DEBUG Calculating tf-idf
2020-07-10 11:41:15,620 vaishnavi DEBUG Calculating variance threshold
2020-07-10 11:41:15,636 vaishnavi DEBUG Applying PCA
2020-07-10 11:41:15,663 vaishnavi DEBUG Applying DBSCAN algorithm
2020-07-10 11:41:15,681 vaishnavi DEBUG Sorting clusters
2020-07-10 11:41:15,683 vaishnavi DEBUG Converting to JSON format
2020-07-10 11:41:15,685 vaishnavi DEBUG Exporting clustering results
2020-07-10 11:41:15,688 vaishnavi DEBUG Writting summary
2020-07-10 11:41:15,690 vaishnavi DEBUG Writting clustering information to datafile
2020-07-10 11:41:15,692 vaishnavi DEBUG Getting scatter plot for clustered data
2020-07-10 11:41:15,933 vaishnavi INFO Performed clustering successfully
2020-07-10 11:41:16,005 vaishnavi INFO Requested to get clustering details.
2020-07-10 11:41:16,005 vaishnavi DEBUG Reading datafile for clustered data
2020-07-10 11:41:16,007 vaishnavi INFO Get request for clustered data served successfully
2020-07-10 11:41:16,083 vaishnavi INFO Requested to get clustering summary.
2020-07-10 11:41:16,083 vaishnavi DEBUG Reading datafile for clustering summary
2020-07-10 11:41:16,084 vaishnavi INFO Get request for clustering summary served successfully
2020-07-10 11:41:16,103 vaishnavi INFO Requested to cluster documents.
2020-07-10 11:41:16,103 vaishnavi DEBUG Reading datafile..
2020-07-10 11:41:16,105 vaishnavi DEBUG Calculating tf-idf
2020-07-10 11:41:16,176 vaishnavi DEBUG Calculating variance threshold
2020-07-10 11:41:16,191 vaishnavi DEBUG Applying PCA
2020-07-10 11:41:16,218 vaishnavi DEBUG Applying Agglomerative algorithm
2020-07-10 11:41:16,231 vaishnavi DEBUG Sorting clusters
2020-07-10 11:41:16,232 vaishnavi DEBUG Converting to JSON format
2020-07-10 11:41:16,234 vaishnavi DEBUG Exporting clustering results
2020-07-10 11:41:16,237 vaishnavi DEBUG Writting summary
2020-07-10 11:41:16,239 vaishnavi DEBUG Writting clustering information to datafile
2020-07-10 11:41:16,242 vaishnavi DEBUG Getting scatter plot for clustered data
2020-07-10 11:41:16,421 vaishnavi INFO Performed clustering successfully
2020-07-10 11:41:16,479 vaishnavi INFO Requested to get clustering details.
2020-07-10 11:41:16,479 vaishnavi DEBUG Reading datafile for clustered data
2020-07-10 11:41:16,480 vaishnavi INFO Get request for clustered data served successfully
2020-07-10 11:41:16,496 vaishnavi INFO Requested to get clustering summary.
2020-07-10 11:41:16,497 vaishnavi DEBUG Reading datafile for clustering summary
2020-07-10 11:41:16,498 vaishnavi INFO Get request for clustering summary served successfully
2020-07-10 11:41:16,512 vaishnavi INFO Requested to cluster documents.
2020-07-10 11:41:16,512 vaishnavi DEBUG Reading datafile..
2020-07-10 11:41:16,514 vaishnavi DEBUG Calculating tf-idf
2020-07-10 11:41:16,591 vaishnavi DEBUG Calculating variance threshold
2020-07-10 11:41:16,603 vaishnavi DEBUG Applying PCA
2020-07-10 11:41:16,630 vaishnavi DEBUG Applying Birch algorithm
2020-07-10 11:41:16,648 vaishnavi DEBUG Sorting clusters
2020-07-10 11:41:16,650 vaishnavi DEBUG Converting to JSON format
2020-07-10 11:41:16,652 vaishnavi DEBUG Exporting clustering results
2020-07-10 11:41:16,654 vaishnavi DEBUG Writting summary
2020-07-10 11:41:16,656 vaishnavi DEBUG Writting clustering information to datafile
2020-07-10 11:41:16,662 vaishnavi DEBUG Getting scatter plot for clustered data
2020-07-10 11:41:16,884 vaishnavi INFO Performed clustering successfully
2020-07-10 11:41:16,940 vaishnavi INFO Requested to get clustering details.
2020-07-10 11:41:16,940 vaishnavi DEBUG Reading datafile for clustered data
2020-07-10 11:41:16,941 vaishnavi INFO Get request for clustered data served successfully
2020-07-10 11:41:16,977 vaishnavi INFO Requested to get clustering summary.
2020-07-10 11:41:16,977 vaishnavi DEBUG Reading datafile for clustering summary
2020-07-10 11:41:16,979 vaishnavi INFO Get request for clustering summary served successfully
2020-07-10 11:43:58,174 vaishnavi INFO Requested to extract data.
2020-07-10 11:43:58,179 vaishnavi DEBUG Extracted links and ISINs from JSON object.
2020-07-10 11:43:58,827 vaishnavi INFO Made entry for extracted data in datafile successfully.
2020-07-10 11:43:58,868 vaishnavi INFO Requested to export extracted data.
2020-07-10 11:43:59,021 vaishnavi INFO Exported successfully
2020-07-10 11:43:59,082 vaishnavi INFO Requested to pre-process data.
2020-07-10 11:43:59,083 vaishnavi DEBUG Pre-processed data
2020-07-10 11:43:59,085 vaishnavi DEBUG Made entry of pre-processed data in datafile successfully
2020-07-10 11:43:59,108 vaishnavi INFO Requested to export pre-processed data.
2020-07-10 11:43:59,109 vaishnavi DEBUG Reading pre-processed datafile.
2020-07-10 11:43:59,111 vaishnavi DEBUG Exporting pre-processed data to excel file.
2020-07-10 11:43:59,186 vaishnavi INFO Exported pre-processed data successfully.
2020-07-10 11:43:59,204 vaishnavi INFO Requested to cluster documents.
2020-07-10 11:43:59,204 vaishnavi DEBUG Reading datafile..
2020-07-10 11:43:59,206 vaishnavi DEBUG Calculating tf-idf
2020-07-10 11:43:59,206 vaishnavi ERROR Exception occurred: ValueError('empty vocabulary; perhaps the documents only contain stop words')
Traceback (most recent call last):
  File "C:\Users\Personnal\Documents\FinIQ\NLP_Project\Another\API\pre-processing-and-API\api.py", line 506, in post
    df = cf.tfidf(text)
  File "C:\Users\Personnal\Documents\FinIQ\NLP_Project\Another\API\pre-processing-and-API\clean_file.py", line 167, in tfidf
    vectors = vectorizer.fit_transform(text)
  File "C:\Users\Personnal\AppData\Local\Programs\Python\Python38\lib\site-packages\sklearn\feature_extraction\text.py", line 1840, in fit_transform
    X = super().fit_transform(raw_documents)
  File "C:\Users\Personnal\AppData\Local\Programs\Python\Python38\lib\site-packages\sklearn\feature_extraction\text.py", line 1198, in fit_transform
    vocabulary, X = self._count_vocab(raw_documents,
  File "C:\Users\Personnal\AppData\Local\Programs\Python\Python38\lib\site-packages\sklearn\feature_extraction\text.py", line 1129, in _count_vocab
    raise ValueError("empty vocabulary; perhaps the documents only"
ValueError: empty vocabulary; perhaps the documents only contain stop words
2020-07-10 11:45:50,186 vaishnavi INFO Requested to extract data.
2020-07-10 11:45:50,187 vaishnavi DEBUG Extracted links and ISINs from JSON object.
2020-07-10 11:46:04,344 vaishnavi INFO Made entry for extracted data in datafile successfully.
2020-07-10 11:46:04,578 vaishnavi INFO Requested to export extracted data.
2020-07-10 11:46:07,069 vaishnavi INFO Exported successfully
2020-07-10 11:46:07,158 vaishnavi INFO Requested to pre-process data.
2020-07-10 11:46:47,196 vaishnavi DEBUG Pre-processed data
2020-07-10 11:46:47,281 vaishnavi DEBUG Made entry of pre-processed data in datafile successfully
2020-07-10 11:46:47,408 vaishnavi INFO Requested to export pre-processed data.
2020-07-10 11:46:47,414 vaishnavi DEBUG Reading pre-processed datafile.
2020-07-10 11:46:47,957 vaishnavi DEBUG Exporting pre-processed data to excel file.
2020-07-10 11:46:50,551 vaishnavi INFO Exported pre-processed data successfully.
2020-07-10 11:46:50,740 vaishnavi INFO Requested to cluster documents.
2020-07-10 11:46:50,752 vaishnavi DEBUG Reading datafile..
2020-07-10 11:46:51,095 vaishnavi DEBUG Calculating tf-idf
2020-07-10 11:46:51,541 vaishnavi DEBUG Calculating variance threshold
2020-07-10 11:46:51,702 vaishnavi DEBUG Applying PCA
2020-07-10 11:46:51,933 vaishnavi DEBUG Applying K-Means algorithm
2020-07-10 11:46:52,473 vaishnavi DEBUG Sorting clusters
2020-07-10 11:46:52,516 vaishnavi DEBUG Converting to JSON format
2020-07-10 11:46:52,567 vaishnavi DEBUG Exporting clustering results
2020-07-10 11:46:52,601 vaishnavi DEBUG Writting summary
2020-07-10 11:46:52,660 vaishnavi DEBUG Writting clustering information to datafile
2020-07-10 11:46:52,734 vaishnavi DEBUG Getting scatter plot for clustered data
2020-07-10 11:46:54,087 vaishnavi INFO Performed clustering successfully
2020-07-10 11:46:54,309 vaishnavi INFO Requested to get clustering details.
2020-07-10 11:46:54,334 vaishnavi DEBUG Reading datafile for clustered data
2020-07-10 11:46:54,648 vaishnavi INFO Get request for clustered data served successfully
2020-07-10 11:46:55,029 vaishnavi INFO Requested to get clustering summary.
2020-07-10 11:46:55,035 vaishnavi DEBUG Reading datafile for clustering summary
2020-07-10 11:46:55,425 vaishnavi INFO Get request for clustering summary served successfully
2020-07-10 11:46:55,797 vaishnavi INFO Requested to cluster documents.
2020-07-10 11:46:55,809 vaishnavi DEBUG Reading datafile..
2020-07-10 11:46:56,119 vaishnavi DEBUG Calculating tf-idf
2020-07-10 11:46:56,504 vaishnavi DEBUG Calculating variance threshold
2020-07-10 11:46:56,632 vaishnavi DEBUG Applying PCA
2020-07-10 11:46:56,882 vaishnavi DEBUG Applying DBSCAN algorithm
2020-07-10 11:46:57,006 vaishnavi DEBUG Sorting clusters
2020-07-10 11:46:57,026 vaishnavi DEBUG Converting to JSON format
2020-07-10 11:46:57,070 vaishnavi DEBUG Exporting clustering results
2020-07-10 11:46:57,212 vaishnavi DEBUG Writting summary
2020-07-10 11:46:57,274 vaishnavi DEBUG Writting clustering information to datafile
2020-07-10 11:46:57,341 vaishnavi DEBUG Getting scatter plot for clustered data
2020-07-10 11:46:58,082 vaishnavi INFO Performed clustering successfully
2020-07-10 11:46:58,192 vaishnavi INFO Requested to get clustering details.
2020-07-10 11:46:58,193 vaishnavi DEBUG Reading datafile for clustered data
2020-07-10 11:46:58,195 vaishnavi INFO Get request for clustered data served successfully
2020-07-10 11:46:58,335 vaishnavi INFO Requested to get clustering summary.
2020-07-10 11:46:58,341 vaishnavi DEBUG Reading datafile for clustering summary
2020-07-10 11:46:58,379 vaishnavi INFO Get request for clustering summary served successfully
2020-07-10 11:46:58,514 vaishnavi INFO Requested to cluster documents.
2020-07-10 11:46:58,532 vaishnavi DEBUG Reading datafile..
2020-07-10 11:46:58,659 vaishnavi DEBUG Calculating tf-idf
2020-07-10 11:46:58,959 vaishnavi DEBUG Calculating variance threshold
2020-07-10 11:46:59,022 vaishnavi DEBUG Applying PCA
2020-07-10 11:46:59,138 vaishnavi DEBUG Applying Agglomerative algorithm
2020-07-10 11:46:59,155 vaishnavi DEBUG Sorting clusters
2020-07-10 11:46:59,157 vaishnavi DEBUG Converting to JSON format
2020-07-10 11:46:59,160 vaishnavi DEBUG Exporting clustering results
2020-07-10 11:46:59,164 vaishnavi DEBUG Writting summary
2020-07-10 11:46:59,166 vaishnavi DEBUG Writting clustering information to datafile
2020-07-10 11:46:59,169 vaishnavi DEBUG Getting scatter plot for clustered data
2020-07-10 11:46:59,335 vaishnavi INFO Performed clustering successfully
2020-07-10 11:46:59,420 vaishnavi INFO Requested to get clustering details.
2020-07-10 11:46:59,421 vaishnavi DEBUG Reading datafile for clustered data
2020-07-10 11:46:59,484 vaishnavi INFO Get request for clustered data served successfully
2020-07-10 11:46:59,514 vaishnavi INFO Requested to get clustering summary.
2020-07-10 11:46:59,515 vaishnavi DEBUG Reading datafile for clustering summary
2020-07-10 11:46:59,551 vaishnavi INFO Get request for clustering summary served successfully
2020-07-10 11:46:59,665 vaishnavi INFO Requested to cluster documents.
2020-07-10 11:46:59,668 vaishnavi DEBUG Reading datafile..
2020-07-10 11:46:59,772 vaishnavi DEBUG Calculating tf-idf
2020-07-10 11:46:59,847 vaishnavi DEBUG Calculating variance threshold
2020-07-10 11:46:59,864 vaishnavi DEBUG Applying PCA
2020-07-10 11:46:59,948 vaishnavi DEBUG Applying Birch algorithm
2020-07-10 11:46:59,971 vaishnavi DEBUG Sorting clusters
2020-07-10 11:46:59,974 vaishnavi DEBUG Converting to JSON format
2020-07-10 11:46:59,983 vaishnavi DEBUG Exporting clustering results
2020-07-10 11:46:59,999 vaishnavi DEBUG Writting summary
2020-07-10 11:47:00,013 vaishnavi DEBUG Writting clustering information to datafile
2020-07-10 11:47:00,027 vaishnavi DEBUG Getting scatter plot for clustered data
2020-07-10 11:47:00,316 vaishnavi INFO Performed clustering successfully
2020-07-10 11:47:00,416 vaishnavi INFO Requested to get clustering details.
2020-07-10 11:47:00,427 vaishnavi DEBUG Reading datafile for clustered data
2020-07-10 11:47:00,655 vaishnavi INFO Get request for clustered data served successfully
2020-07-10 11:47:00,700 vaishnavi INFO Requested to get clustering summary.
2020-07-10 11:47:00,700 vaishnavi DEBUG Reading datafile for clustering summary
2020-07-10 11:47:00,720 vaishnavi INFO Get request for clustering summary served successfully
2020-07-10 15:36:34,326 vaishnavi INFO Requested to extract data.
2020-07-10 15:36:34,344 vaishnavi DEBUG Extracted links and ISINs from JSON object.
2020-07-10 15:36:49,905 vaishnavi INFO Made entry for extracted data in datafile successfully.
2020-07-10 15:36:49,916 vaishnavi INFO Requested to export extracted data.
2020-07-10 15:36:50,018 vaishnavi ERROR Exception occurred:TypeError("exportexcel() got multiple values for argument 'filename'")
Traceback (most recent call last):
  File "C:\Users\Personnal\Documents\FinIQ\NLP_Project\Another\API\pre-processing-and-API\api.py", line 221, in post
    ex.exportexcel(args['uname'], args['fname'], filename = args['filepath'], datalist = [ISINs, URLs, text])
TypeError: exportexcel() got multiple values for argument 'filename'
2020-07-10 15:36:50,029 vaishnavi INFO Requested to pre-process data.
2020-07-10 15:37:08,465 vaishnavi DEBUG Pre-processed data
2020-07-10 15:37:08,468 vaishnavi DEBUG Made entry of pre-processed data in datafile successfully
2020-07-10 15:37:08,477 vaishnavi INFO Requested to export pre-processed data.
2020-07-10 15:37:08,477 vaishnavi DEBUG Reading pre-processed datafile.
2020-07-10 15:37:08,495 vaishnavi DEBUG Exporting pre-processed data to excel file.
2020-07-10 15:37:08,495 vaishnavi ERROR Exception occurred: TypeError("exportexcel() got multiple values for argument 'filename'")
Traceback (most recent call last):
  File "C:\Users\Personnal\Documents\FinIQ\NLP_Project\Another\API\pre-processing-and-API\api.py", line 436, in post
    ex.exportexcel(args['uname'], args['fname'], filename = args['filepath'], datalist = [ISINs, URLs, text])
TypeError: exportexcel() got multiple values for argument 'filename'
2020-07-10 15:37:08,505 vaishnavi INFO Requested to plot elbow curve.
2020-07-10 15:37:08,506 vaishnavi DEBUG Reading datafile..
2020-07-10 15:37:08,506 vaishnavi DEBUG Calculating tf-idf
2020-07-10 15:37:08,562 vaishnavi DEBUG Calculating variance threshold
2020-07-10 15:37:08,575 vaishnavi DEBUG Applying PCA
2020-07-10 15:37:08,597 vaishnavi DEBUG Plotting elbow curve
2020-07-10 15:37:08,597 vaishnavi ERROR Exception occurred: NameError("name 'Kmeans' is not defined")
Traceback (most recent call last):
  File "C:\Users\Personnal\Documents\FinIQ\NLP_Project\Another\API\pre-processing-and-API\api.py", line 699, in post
    fig, K = kmeans.visualize_elbow(len(ISINs),ratio)
  File "C:\Users\Personnal\Documents\FinIQ\NLP_Project\Another\API\pre-processing-and-API\kmeans.py", line 82, in visualize_elbow
    kmeans_pca = Kmeans(n_clusters=i)
NameError: name 'Kmeans' is not defined
2020-07-10 15:37:08,609 vaishnavi INFO Requested to get optimal k value
2020-07-10 15:37:08,609 vaishnavi DEBUG Reading datafile for optimal k value after elbow method
2020-07-10 15:37:08,610 vaishnavi ERROR Error in reading datafile
Traceback (most recent call last):
  File "C:\Users\Personnal\Documents\FinIQ\NLP_Project\Another\API\pre-processing-and-API\api.py", line 744, in get
    data = ex.get_recent_file('elbow_k_' + args['uname'])
  File "C:\Users\Personnal\Documents\FinIQ\NLP_Project\Another\API\pre-processing-and-API\extract.py", line 290, in get_recent_file
    return names[0]
IndexError: list index out of range
2020-07-10 15:37:08,621 vaishnavi INFO Requested for optimal value of K using Silhouette.
2020-07-10 15:37:08,621 vaishnavi DEBUG Reading datafile..
2020-07-10 15:37:08,622 vaishnavi DEBUG Calculating tf-idf
2020-07-10 15:37:08,665 vaishnavi DEBUG Calculating variance threshold
2020-07-10 15:37:08,673 vaishnavi DEBUG Applying PCA
2020-07-10 15:37:08,691 vaishnavi ERROR Exception occurred: IndexError('list index out of range')
Traceback (most recent call last):
  File "C:\Users\Personnal\Documents\FinIQ\NLP_Project\Another\API\pre-processing-and-API\api.py", line 831, in post
    jsonk = ex.read_json(ex.get_recent_file('elbow_k_' + args['uname']))
  File "C:\Users\Personnal\Documents\FinIQ\NLP_Project\Another\API\pre-processing-and-API\extract.py", line 290, in get_recent_file
    return names[0]
IndexError: list index out of range
2020-07-10 15:37:08,703 vaishnavi INFO Requested to get optimal k value
2020-07-10 15:37:08,703 vaishnavi DEBUG Reading datafile for optimal k value after silhouette
2020-07-10 15:37:08,703 vaishnavi ERROR Error in reading datafile
Traceback (most recent call last):
  File "C:\Users\Personnal\Documents\FinIQ\NLP_Project\Another\API\pre-processing-and-API\api.py", line 884, in get
    data = ex.get_recent_file('optimal_k_' + args['uname'])
  File "C:\Users\Personnal\Documents\FinIQ\NLP_Project\Another\API\pre-processing-and-API\extract.py", line 290, in get_recent_file
    return names[0]
IndexError: list index out of range
